<?xml version="1.0" encoding="UTF-8"?>
<testsuite name="agh.ics.oop.Vectror2dTest" tests="3" skipped="0" failures="0" errors="0" timestamp="2021-12-28T15:52:06" hostname="IZI" time="0.035">
  <properties/>
  <testcase name="equals()" classname="agh.ics.oop.Vectror2dTest" time="0.029"/>
  <testcase name="precedes()" classname="agh.ics.oop.Vectror2dTest" time="0.002"/>
  <testcase name="follows()" classname="agh.ics.oop.Vectror2dTest" time="0.001"/>
  <system-out><![CDATA[]]></system-out>
  <system-err><![CDATA[]]></system-err>
</testsuite>
