<?xml version="1.0" encoding="UTF-8"?>
<testsuite name="agh.ics.oop.GrassFieldTest" tests="4" skipped="0" failures="0" errors="0" timestamp="2021-11-19T16:51:40" hostname="IZI" time="0.04">
  <properties/>
  <testcase name="canMoveTo()" classname="agh.ics.oop.GrassFieldTest" time="0.029"/>
  <testcase name="isOccupied()" classname="agh.ics.oop.GrassFieldTest" time="0.002"/>
  <testcase name="objectAt()" classname="agh.ics.oop.GrassFieldTest" time="0.004"/>
  <testcase name="place()" classname="agh.ics.oop.GrassFieldTest" time="0.002"/>
  <system-out><![CDATA[]]></system-out>
  <system-err><![CDATA[]]></system-err>
</testsuite>
