<?xml version="1.0" encoding="UTF-8"?>
<testsuite name="agh.ics.oop.Vector2dTest" tests="9" skipped="0" failures="0" errors="0" timestamp="2021-10-21T22:05:52" hostname="IZI" time="0.049">
  <properties/>
  <testcase name="subtract()" classname="agh.ics.oop.Vector2dTest" time="0.025"/>
  <testcase name="upperRight()" classname="agh.ics.oop.Vector2dTest" time="0.001"/>
  <testcase name="equals()" classname="agh.ics.oop.Vector2dTest" time="0.002"/>
  <testcase name="precedes()" classname="agh.ics.oop.Vector2dTest" time="0.002"/>
  <testcase name="follows()" classname="agh.ics.oop.Vector2dTest" time="0.001"/>
  <testcase name="lowerLeft()" classname="agh.ics.oop.Vector2dTest" time="0.002"/>
  <testcase name="opposite()" classname="agh.ics.oop.Vector2dTest" time="0.001"/>
  <testcase name="add()" classname="agh.ics.oop.Vector2dTest" time="0.001"/>
  <testcase name="checkString()" classname="agh.ics.oop.Vector2dTest" time="0.007"/>
  <system-out><![CDATA[]]></system-out>
  <system-err><![CDATA[]]></system-err>
</testsuite>
