<?xml version="1.0" encoding="UTF-8"?>
<testsuite name="agh.ics.oop.GrassFieldTest" tests="5" skipped="0" failures="0" errors="0" timestamp="2021-11-20T12:54:21" hostname="IZI" time="0.061">
  <properties/>
  <testcase name="engine()" classname="agh.ics.oop.GrassFieldTest" time="0.045"/>
  <testcase name="canMoveTo()" classname="agh.ics.oop.GrassFieldTest" time="0.002"/>
  <testcase name="isOccupied()" classname="agh.ics.oop.GrassFieldTest" time="0.003"/>
  <testcase name="objectAt()" classname="agh.ics.oop.GrassFieldTest" time="0.004"/>
  <testcase name="place()" classname="agh.ics.oop.GrassFieldTest" time="0.001"/>
  <system-out><![CDATA[]]></system-out>
  <system-err><![CDATA[]]></system-err>
</testsuite>
