<?xml version="1.0" encoding="UTF-8"?>
<testsuite name="agh.ics.oop.SimulationEngineTest" tests="1" skipped="0" failures="0" errors="0" timestamp="2021-11-18T13:21:00" hostname="IZI" time="0.036">
  <properties/>
  <testcase name="putAnimalsAndRun()" classname="agh.ics.oop.SimulationEngineTest" time="0.036"/>
  <system-out><![CDATA[[S, N]
]]></system-out>
  <system-err><![CDATA[]]></system-err>
</testsuite>
