<?xml version="1.0" encoding="UTF-8"?>
<testsuite name="agh.ics.oop.MapDirectionTest" tests="2" skipped="0" failures="0" errors="0" timestamp="2021-12-01T16:17:11" hostname="IZI" time="0.035">
  <properties/>
  <testcase name="previous()" classname="agh.ics.oop.MapDirectionTest" time="0.033"/>
  <testcase name="next()" classname="agh.ics.oop.MapDirectionTest" time="0.001"/>
  <system-out><![CDATA[]]></system-out>
  <system-err><![CDATA[]]></system-err>
</testsuite>
