<?xml version="1.0" encoding="UTF-8"?>
<testsuite name="agh.ics.oop.RectangularMapTest" tests="4" skipped="0" failures="0" errors="0" timestamp="2021-11-13T16:38:05" hostname="IZI" time="0.041">
  <properties/>
  <testcase name="canMoveTo()" classname="agh.ics.oop.RectangularMapTest" time="0.028"/>
  <testcase name="isOccupied()" classname="agh.ics.oop.RectangularMapTest" time="0.001"/>
  <testcase name="objectAt()" classname="agh.ics.oop.RectangularMapTest" time="0.004"/>
  <testcase name="place()" classname="agh.ics.oop.RectangularMapTest" time="0.003"/>
  <system-out><![CDATA[]]></system-out>
  <system-err><![CDATA[]]></system-err>
</testsuite>
